[debug] [2021-02-19T08:54:54.050Z] ----------------------------------------------------------------------
[debug] [2021-02-19T08:54:54.053Z] Command:       C:\Program Files\nodejs\node.exe C:\Users\allam\AppData\Roaming\npm\node_modules\firebase-tools\lib\bin\firebase.js init
[debug] [2021-02-19T08:54:54.053Z] CLI Version:   9.3.0
[debug] [2021-02-19T08:54:54.053Z] Platform:      win32
[debug] [2021-02-19T08:54:54.053Z] Node Version:  v12.19.0
[debug] [2021-02-19T08:54:54.054Z] Time:          Fri Feb 19 2021 09:54:54 GMT+0100 (GMT+01:00)
[debug] [2021-02-19T08:54:54.054Z] ----------------------------------------------------------------------
[debug] [2021-02-19T08:54:54.054Z] 
[debug] [2021-02-19T08:54:54.057Z] >>> [apiv2][query] GET https://firebase-public.firebaseio.com/cli.json [none]
[debug] [2021-02-19T08:54:54.077Z] > command requires scopes: ["email","openid","https://www.googleapis.com/auth/cloudplatformprojects.readonly","https://www.googleapis.com/auth/firebase","https://www.googleapis.com/auth/cloud-platform"]
[debug] [2021-02-19T08:54:54.077Z] > authorizing via signed-in user
[info] 
     ######## #### ########  ######## ########     ###     ######  ########
     ##        ##  ##     ## ##       ##     ##  ##   ##  ##       ##
     ######    ##  ########  ######   ########  #########  ######  ######
     ##        ##  ##    ##  ##       ##     ## ##     ##       ## ##
     ##       #### ##     ## ######## ########  ##     ##  ######  ########

You're about to initialize a Firebase project in this directory:

  C:\workspaces\hackaton-2021-boilerplate\hackaton2021

Before we get started, keep in mind:

  * You are currently outside your home directory

[debug] [2021-02-19T08:54:54.523Z] <<< [apiv2][status] GET https://firebase-public.firebaseio.com/cli.json 200
[debug] [2021-02-19T08:54:54.524Z] <<< [apiv2][body] GET https://firebase-public.firebaseio.com/cli.json {"cloudBuildErrorAfter":1594252800000,"cloudBuildWarnAfter":1590019200000,"defaultNode10After":1594252800000,"minVersion":"3.0.5","node8DeploysDisabledAfter":1613390400000,"node8RuntimeDisabledAfter":1615809600000,"node8WarnAfter":1600128000000}
